Sat Jun  8 16:47:14 2024
[[INFO]] : Open database database.db success
Sat Jun  8 16:49:38 2024
[[INFO]] : Open database database.db success
Sat Jun  8 16:50:57 2024
[[INFO]] : Open database database.db success
Sat Jun  8 16:57:13 2024
[[INFO]] : Open database database.db success
Sat Jun  8 16:58:38 2024
[[INFO]] : Open database database.db success
Mon Jun 10 08:19:42 2024
[[INFO]] : Open database database.db success
Mon Jun 10 08:23:18 2024
[[INFO]] : Open database database.db success
Mon Jun 10 08:34:05 2024
[[INFO]] : Open database database.db success
Mon Jun 10 08:45:32 2024
[[INFO]] : Open database database.db success
Mon Jun 10 08:46:27 2024
[[INFO]] : Open database database.db success
Mon Jun 10 08:48:24 2024
[[INFO]] : Open database database.db success
Mon Jun 10 08:49:59 2024
[[INFO]] : Open database database.db success
Mon Jun 10 08:56:18 2024
[[INFO]] : Open database database.db success
Mon Jun 10 08:57:45 2024
[[INFO]] : Open database database.db success
Mon Jun 10 09:02:30 2024
[[INFO]] : Open database database.db success
Mon Jun 10 09:07:10 2024
[[INFO]] : Open database database.db success
Mon Jun 10 09:09:35 2024
[[INFO]] : Open database database.db success
Mon Jun 10 09:11:41 2024
[[INFO]] : Open database database.db success
Mon Jun 10 09:20:15 2024
[[INFO]] : Open database database.db success
Mon Jun 10 09:22:32 2024
[[INFO]] : Open database database.db success
Fri Jun 14 04:40:26 2024
[[INFO]] : Open database database.db success
Fri Jun 14 08:06:08 2024
[[INFO]] : Open database database.db success
Fri Jun 14 08:08:15 2024
[[INFO]] : Open database database.db success
Fri Jun 14 08:10:46 2024
[[INFO]] : Open database database.db success
Fri Jun 14 08:12:38 2024
[[INFO]] : Open database database.db success
Fri Jun 14 08:14:47 2024
[[INFO]] : Open database database.db success
Fri Jun 14 08:17:19 2024
[[INFO]] : Open database database.db success
Fri Jun 14 08:18:46 2024
[[INFO]] : Open database database.db success
Fri Jun 14 08:21:36 2024
[[INFO]] : Open database database.db success
Fri Jun 14 08:25:53 2024
[[INFO]] : Open database database.db success
Fri Jun 14 08:26:06 2024
[[INFO]] : Open database database.db success
Fri Jun 14 08:26:31 2024
[[INFO]] : Open database database.db success
Fri Jun 14 08:27:00 2024
[[INFO]] : Open database database.db success
Fri Jun 14 08:27:48 2024
[[INFO]] : Open database database.db success
Fri Jun 14 08:28:28 2024
[[INFO]] : Open database database.db success
Fri Jun 14 08:29:56 2024
[[INFO]] : Open database database.db success
Fri Jun 14 08:32:17 2024
[[INFO]] : Open database database.db success
Fri Jun 14 08:32:55 2024
[[INFO]] : Open database database.db success
Fri Jun 14 08:36:31 2024
[[INFO]] : Open database database.db success
Fri Jun 14 08:39:49 2024
[[INFO]] : Open database database.db success
Fri Jun 14 08:42:23 2024
[[INFO]] : Open database database.db success
Fri Jun 14 08:44:13 2024
[[INFO]] : Open database database.db success
Fri Jun 14 08:44:54 2024
[[INFO]] : Open database database.db success
Fri Jun 14 08:45:19 2024
[[INFO]] : Open database database.db success
Fri Jun 14 08:48:39 2024
[[INFO]] : Open database database.db success
Fri Jun 14 08:49:07 2024
[[INFO]] : Open database database.db success
Fri Jun 14 08:53:46 2024
[[INFO]] : Open database database.db success
Fri Jun 14 08:54:16 2024
[[INFO]] : Open database database.db success
Fri Jun 14 08:54:55 2024
[[INFO]] : Open database database.db success
Fri Jun 14 08:55:18 2024
[[INFO]] : Open database database.db success
Fri Jun 14 08:56:19 2024
[[INFO]] : Open database database.db success
Fri Jun 14 08:56:46 2024
[[INFO]] : Open database database.db success
Fri Jun 14 08:57:09 2024
[[INFO]] : Open database database.db success
Fri Jun 14 08:57:31 2024
[[INFO]] : Open database database.db success
Fri Jun 14 08:57:46 2024
[[INFO]] : Open database database.db success
Fri Jun 14 08:58:53 2024
[[INFO]] : Open database database.db success
Fri Jun 14 09:06:07 2024
[[INFO]] : Open database database.db success
Fri Jun 14 09:06:45 2024
[[INFO]] : Open database database.db success
Fri Jun 14 09:13:35 2024
[[INFO]] : Open database database.db success
Fri Jun 14 09:15:41 2024
[[INFO]] : Open database database.db success
Fri Jun 14 09:17:12 2024
[[INFO]] : Open database database.db success
Fri Jun 14 09:17:53 2024
[[INFO]] : Open database database.db success
Fri Jun 14 09:18:17 2024
[[INFO]] : Open database database.db success
Fri Jun 14 09:18:51 2024
[[INFO]] : Open database database.db success
Fri Jun 14 09:19:16 2024
[[INFO]] : Open database database.db success
Fri Jun 14 09:20:08 2024
[[INFO]] : Open database database.db success
Fri Jun 14 09:23:36 2024
[[INFO]] : Open database database.db success
Fri Jun 14 09:31:07 2024
[[INFO]] : Open database database.db success
Fri Jun 14 09:31:51 2024
[[INFO]] : Open database database.db success
Fri Jun 14 09:33:20 2024
[[INFO]] : Open database database.db success
Fri Jun 14 09:34:35 2024
[[INFO]] : Open database database.db success
Fri Jun 14 09:36:46 2024
[[INFO]] : Open database database.db success
Fri Jun 14 09:37:17 2024
[[INFO]] : Open database database.db success
Fri Jun 14 09:37:57 2024
[[INFO]] : Open database database.db success
Fri Jun 14 09:39:02 2024
[[INFO]] : Open database database.db success
Fri Jun 14 09:40:11 2024
[[INFO]] : Open database database.db success
Fri Jun 14 09:41:37 2024
[[INFO]] : Open database database.db success
Fri Jun 14 11:19:43 2024
[[INFO]] : Open database database.db success
Wed Jun 19 10:40:44 2024
[[INFO]] : Open database database.db success
Wed Jun 19 10:41:23 2024
[[INFO]] : Open database database.db success
Wed Jun 19 10:50:36 2024
[[INFO]] : Open database database.db success
Wed Jun 19 10:56:38 2024
[[INFO]] : Open database database.db success
Wed Jun 19 10:57:08 2024
[[INFO]] : Open database database.db success
Wed Jun 19 10:58:29 2024
[[INFO]] : Open database database.db success
Wed Jun 19 10:59:50 2024
[[INFO]] : Open database database.db success
Wed Jun 19 11:04:06 2024
[[INFO]] : Open database database.db success
Wed Jun 19 11:06:56 2024
[[INFO]] : Open database database.db success
Wed Jun 19 11:08:25 2024
[[INFO]] : Open database database.db success
Wed Jun 19 11:09:39 2024
[[INFO]] : Open database database.db success
Wed Jun 19 11:11:19 2024
[[INFO]] : Open database database.db success
Wed Jun 19 11:11:46 2024
[[INFO]] : Open database database.db success
Wed Jun 19 11:12:56 2024
[[INFO]] : Open database database.db success
Wed Jun 19 11:13:47 2024
[[INFO]] : Open database database.db success
Wed Jun 19 11:15:14 2024
[[INFO]] : Open database database.db success
Wed Jun 19 11:17:27 2024
[[INFO]] : Open database database.db success
Wed Jun 19 11:19:19 2024
[[INFO]] : Open database database.db success
Wed Jun 19 11:20:48 2024
[[INFO]] : Open database database.db success
Wed Jun 19 11:22:01 2024
[[INFO]] : Open database database.db success
Wed Jun 19 11:22:22 2024
[[INFO]] : Open database database.db success
Wed Jun 19 11:22:45 2024
[[INFO]] : Open database database.db success
Wed Jun 19 11:24:44 2024
[[INFO]] : Open database database.db success
Wed Jun 19 11:26:48 2024
[[INFO]] : Open database database.db success
Wed Jun 19 11:27:14 2024
[[INFO]] : Open database database.db success
Wed Jun 19 11:27:27 2024
[[INFO]] : Open database database.db success
Wed Jun 19 11:27:40 2024
[[INFO]] : Open database database.db success
Wed Jun 19 11:31:02 2024
[[INFO]] : Open database database.db success
Wed Jun 19 11:32:43 2024
[[INFO]] : Open database database.db success
Wed Jun 19 11:34:21 2024
[[INFO]] : Open database database.db success
Wed Jun 19 11:39:38 2024
[[INFO]] : Open database database.db success
Wed Jun 19 11:39:52 2024
[[INFO]] : Open database database.db success
Wed Jun 19 11:44:21 2024
[[INFO]] : Open database database.db success
Wed Jun 19 11:46:23 2024
[[INFO]] : Open database database.db success
Wed Jun 19 11:51:08 2024
[[INFO]] : Open database database.db success
Wed Jun 19 11:52:36 2024
[[INFO]] : Open database database.db success
Wed Jun 19 11:53:48 2024
[[INFO]] : Open database database.db success
Wed Jun 19 11:56:09 2024
[[INFO]] : Open database database.db success
Wed Jun 19 11:57:15 2024
[[INFO]] : Open database database.db success
Wed Jun 19 12:04:42 2024
[[INFO]] : Open database database.db success
Wed Jun 19 12:09:05 2024
[[INFO]] : Open database database.db success
Wed Jun 19 12:10:51 2024
[[INFO]] : Open database database.db success
Wed Jun 19 12:12:18 2024
[[INFO]] : Open database database.db success
Wed Jun 19 12:13:32 2024
[[INFO]] : Open database database.db success
Wed Jun 19 12:14:39 2024
[[INFO]] : Open database database.db success
Wed Jun 19 12:21:45 2024
[[INFO]] : Open database database.db success
Wed Jun 19 12:22:46 2024
[[INFO]] : Open database database.db success
Wed Jun 19 12:23:20 2024
[[INFO]] : Open database database.db success
Wed Jun 19 12:26:47 2024
[[INFO]] : Open database database.db success
Wed Jun 19 12:27:10 2024
[[INFO]] : Open database database.db success
Wed Jun 19 12:28:53 2024
[[INFO]] : Open database database.db success
Wed Jun 19 12:29:10 2024
[[INFO]] : Open database database.db success
Wed Jun 19 12:29:33 2024
[[INFO]] : Open database database.db success
Wed Jun 19 12:31:22 2024
[[INFO]] : Open database database.db success
Wed Jun 19 12:31:43 2024
[[INFO]] : Open database database.db success
Wed Jun 19 12:33:41 2024
[[INFO]] : Open database database.db success
Wed Jun 19 12:35:04 2024
[[INFO]] : Open database database.db success
Wed Jun 19 12:37:07 2024
[[INFO]] : Open database database.db success
Wed Jun 19 12:50:02 2024
[[INFO]] : Open database database.db success
Wed Jun 19 12:52:43 2024
[[INFO]] : Open database database.db success
Wed Jun 19 12:53:53 2024
[[INFO]] : Open database database.db success
Wed Jun 19 12:54:16 2024
[[INFO]] : Open database database.db success
Wed Jun 19 12:54:47 2024
[[INFO]] : Open database database.db success
Wed Jun 19 12:55:51 2024
[[INFO]] : Open database database.db success
Wed Jun 19 12:57:05 2024
[[INFO]] : Open database database.db success
Wed Jun 19 12:57:26 2024
[[INFO]] : Open database database.db success
Wed Jun 19 12:57:58 2024
[[INFO]] : Open database database.db success
Wed Jun 19 12:58:28 2024
[[INFO]] : Open database database.db success
Wed Jun 19 13:00:33 2024
[[INFO]] : Open database database.db success
Wed Jun 19 13:01:02 2024
[[INFO]] : Open database database.db success
Wed Jun 19 13:04:08 2024
[[INFO]] : Open database database.db success
Wed Jun 19 13:05:22 2024
[[INFO]] : Open database database.db success
Wed Jun 19 13:09:21 2024
[[INFO]] : Open database database.db success
Wed Jun 19 13:10:34 2024
[[INFO]] : Open database database.db success
Wed Jun 19 13:12:46 2024
[[INFO]] : Open database database.db success
Wed Jun 19 13:14:57 2024
[[INFO]] : Open database database.db success
Wed Jun 19 13:15:38 2024
[[INFO]] : Open database database.db success
Wed Jun 19 13:16:09 2024
[[INFO]] : Open database database.db success
Wed Jun 19 13:17:51 2024
[[INFO]] : Open database database.db success
Wed Jun 19 13:18:12 2024
[[INFO]] : Open database database.db success
Wed Jun 19 13:23:26 2024
[[INFO]] : Open database database.db success
Wed Jun 19 13:23:55 2024
[[INFO]] : Open database database.db success
Wed Jun 19 13:27:35 2024
[[INFO]] : Open database database.db success
Wed Jun 19 13:31:22 2024
[[INFO]] : Open database database.db success
Wed Jun 19 13:43:50 2024
[[INFO]] : Open database database.db success
Wed Jun 19 13:46:26 2024
[[INFO]] : Open database database.db success
Wed Jun 19 13:46:46 2024
[[INFO]] : Open database database.db success
Wed Jun 19 13:47:08 2024
[[INFO]] : Open database database.db success
Wed Jun 19 13:48:19 2024
[[INFO]] : Open database database.db success
Wed Jun 19 13:51:16 2024
[[INFO]] : Open database database.db success
Wed Jun 19 13:51:34 2024
[[INFO]] : Open database database.db success
Wed Jun 19 13:54:36 2024
[[INFO]] : Open database database.db success
Wed Jun 19 13:56:26 2024
[[INFO]] : Open database database.db success
Wed Jun 19 14:01:31 2024
[[INFO]] : Open database database.db success
Wed Jun 19 14:02:19 2024
[[INFO]] : Open database database.db success
Wed Jun 19 14:11:06 2024
[[INFO]] : Open database database.db success
Wed Jun 19 14:12:00 2024
[[INFO]] : Open database database.db success
Wed Jun 19 14:12:21 2024
[[INFO]] : Open database database.db success
Wed Jun 19 14:13:21 2024
[[INFO]] : Open database database.db success
Thu Jun 20 10:36:09 2024
[[INFO]] : Open database database.db success
Thu Jun 20 10:47:43 2024
[[INFO]] : Open database database.db success
Thu Jun 20 10:48:12 2024
[[INFO]] : Open database database.db success
Thu Jun 20 10:50:07 2024
[[INFO]] : Open database database.db success
Thu Jun 20 10:52:42 2024
[[INFO]] : Open database database.db success
Thu Jun 20 10:53:02 2024
[[INFO]] : Open database database.db success
Thu Jun 20 10:53:45 2024
[[INFO]] : Open database database.db success
Thu Jun 20 10:54:06 2024
[[INFO]] : Open database database.db success
Thu Jun 20 10:55:00 2024
[[INFO]] : Open database database.db success
Thu Jun 20 10:56:07 2024
[[INFO]] : Open database database.db success
Thu Jun 20 10:56:33 2024
[[INFO]] : Open database database.db success
Thu Jun 20 10:58:52 2024
[[INFO]] : Open database database.db success
Thu Jun 20 11:00:06 2024
[[INFO]] : Open database database.db success
Thu Jun 20 11:00:17 2024
[[INFO]] : Open database database.db success
Thu Jun 20 11:03:40 2024
[[INFO]] : Open database database.db success
Thu Jun 20 11:09:23 2024
[[INFO]] : Open database database.db success
Thu Jun 20 11:11:58 2024
[[INFO]] : Open database database.db success
Thu Jun 20 11:14:07 2024
[[INFO]] : Open database database.db success
Thu Jun 20 11:14:45 2024
[[INFO]] : Open database database.db success
Thu Jun 20 11:19:46 2024
[[INFO]] : Open database database.db success
Thu Jun 20 11:23:21 2024
[[INFO]] : Open database database.db success
Thu Jun 20 11:24:49 2024
[[INFO]] : Open database database.db success
Thu Jun 20 11:25:08 2024
[[INFO]] : Open database database.db success
Thu Jun 20 11:28:43 2024
[[INFO]] : Open database database.db success
Thu Jun 20 11:30:13 2024
[[INFO]] : Open database database.db success
Thu Jun 20 11:31:06 2024
[[INFO]] : Open database database.db success
Thu Jun 20 11:31:30 2024
[[INFO]] : Open database database.db success
Thu Jun 20 11:31:57 2024
[[INFO]] : Open database database.db success
Thu Jun 20 11:38:27 2024
[[INFO]] : Open database database.db success
Thu Jun 20 11:46:25 2024
[[INFO]] : Open database database.db success
Thu Jun 20 11:49:05 2024
[[INFO]] : Open database database.db success
Thu Jun 20 11:50:31 2024
[[INFO]] : Open database database.db success
Thu Jun 20 11:51:26 2024
[[INFO]] : Open database database.db success
Thu Jun 20 11:52:15 2024
[[INFO]] : Open database database.db success
Thu Jun 20 11:54:40 2024
[[INFO]] : Open database database.db success
Thu Jun 20 11:55:02 2024
[[INFO]] : Open database database.db success
Thu Jun 20 11:55:54 2024
[[INFO]] : Open database database.db success
Thu Jun 20 11:57:00 2024
[[INFO]] : Open database database.db success
Thu Jun 20 12:02:39 2024
[[INFO]] : Open database database.db success
Thu Jun 20 12:04:18 2024
[[INFO]] : Open database database.db success
Thu Jun 20 12:05:59 2024
[[INFO]] : Open database database.db success
Thu Jun 20 12:09:36 2024
[[INFO]] : Open database database.db success
Thu Jun 20 12:10:28 2024
[[INFO]] : Open database database.db success
Thu Jun 20 12:10:42 2024
[[INFO]] : Open database database.db success
Thu Jun 20 12:11:26 2024
[[INFO]] : Open database database.db success
Thu Jun 20 12:12:13 2024
[[INFO]] : Open database database.db success
Thu Jun 20 12:12:28 2024
[[INFO]] : Open database database.db success
Thu Jun 20 12:18:16 2024
[[INFO]] : Open database database.db success
Thu Jun 20 12:18:36 2024
[[INFO]] : Open database database.db success
Thu Jun 20 12:19:27 2024
[[INFO]] : Open database database.db success
Thu Jun 20 12:20:52 2024
[[INFO]] : Open database database.db success
Thu Jun 20 12:21:28 2024
[[INFO]] : Open database database.db success
Thu Jun 20 12:22:25 2024
[[INFO]] : Open database database.db success
Thu Jun 20 12:26:33 2024
[[INFO]] : Open database database.db success
Thu Jun 20 12:27:31 2024
[[INFO]] : Open database database.db success
Thu Jun 20 12:27:57 2024
[[INFO]] : Open database database.db success
Thu Jun 20 12:31:08 2024
[[INFO]] : Open database database.db success
Thu Jun 20 12:33:36 2024
[[INFO]] : Open database database.db success
Thu Jun 20 12:34:30 2024
[[INFO]] : Open database database.db success
Thu Jun 20 12:34:43 2024
[[INFO]] : Open database database.db success
Thu Jun 20 12:35:01 2024
[[INFO]] : Open database database.db success
Thu Jun 20 12:35:22 2024
[[INFO]] : Open database database.db success
Thu Jun 20 12:35:55 2024
[[INFO]] : Open database database.db success
Thu Jun 20 12:39:36 2024
[[INFO]] : Open database database.db success
Thu Jun 20 12:39:48 2024
[[INFO]] : Open database database.db success
Thu Jun 20 12:40:27 2024
[[INFO]] : Open database database.db success
Thu Jun 20 12:45:05 2024
[[INFO]] : Open database database.db success
Thu Jun 20 12:50:16 2024
[[INFO]] : Open database database.db success
Thu Jun 20 12:52:59 2024
[[INFO]] : Open database database.db success
Thu Jun 20 12:56:26 2024
[[INFO]] : Open database database.db success
Thu Jun 20 12:59:10 2024
[[INFO]] : Open database database.db success
Thu Jun 20 13:00:04 2024
[[INFO]] : Open database database.db success
Thu Jun 20 13:00:24 2024
[[INFO]] : Open database database.db success
Thu Jun 20 13:00:35 2024
[[INFO]] : Open database database.db success
Thu Jun 20 13:12:33 2024
[[INFO]] : Open database database.db success
Thu Jun 20 13:15:36 2024
[[INFO]] : Open database database.db success
Thu Jun 20 13:16:40 2024
[[INFO]] : Open database database.db success
Thu Jun 20 13:19:06 2024
[[INFO]] : Open database database.db success
Thu Jun 20 13:23:49 2024
[[INFO]] : Open database database.db success
Thu Jun 20 13:28:41 2024
[[INFO]] : Open database database.db success
Thu Jun 20 13:29:34 2024
[[INFO]] : Open database database.db success
Thu Jun 20 13:30:02 2024
[[INFO]] : Open database database.db success
Thu Jun 20 13:42:56 2024
[[INFO]] : Open database database.db success
Thu Jun 20 13:43:31 2024
[[INFO]] : Open database database.db success
Thu Jun 20 13:44:13 2024
[[INFO]] : Open database database.db success
Thu Jun 20 13:44:45 2024
[[INFO]] : Open database database.db success
Thu Jun 20 13:45:42 2024
[[INFO]] : Open database database.db success
Thu Jun 20 13:46:14 2024
[[INFO]] : Open database database.db success
Thu Jun 20 13:46:44 2024
[[INFO]] : Open database database.db success
Thu Jun 20 13:47:18 2024
[[INFO]] : Open database database.db success
Fri Jun 21 06:24:18 2024
[[INFO]] : Open database database.db success
Fri Jun 21 06:26:16 2024
[[INFO]] : Open database database.db success
Fri Jun 21 06:28:42 2024
[[INFO]] : Open database database.db success
Fri Jun 21 06:29:29 2024
[[INFO]] : Open database database.db success
Fri Jun 21 06:31:48 2024
[[INFO]] : Open database database.db success
Fri Jun 21 11:44:45 2024
[[INFO]] : Open database database.db success
Fri Jun 21 12:05:44 2024
[[INFO]] : Open database database.db success
Fri Jun 21 12:06:49 2024
[[INFO]] : Open database database.db success
Fri Jun 21 12:11:20 2024
[[INFO]] : Open database database.db success
Fri Jun 21 12:12:43 2024
[[INFO]] : Open database database.db success
Fri Jun 21 12:26:38 2024
[[INFO]] : Open database database.db success
Fri Jun 21 12:29:12 2024
[[INFO]] : Open database database.db success
Fri Jun 21 12:30:20 2024
[[INFO]] : Open database database.db success
Fri Jun 21 12:41:08 2024
[[INFO]] : Open database database.db success
Fri Jun 21 12:43:57 2024
[[INFO]] : Open database database.db success
Fri Jun 21 13:02:54 2024
[[INFO]] : Open database database.db success
Fri Jun 21 13:12:06 2024
[[INFO]] : Open database database.db success
Fri Jun 21 13:13:09 2024
[[INFO]] : Open database database.db success
Fri Jun 21 13:14:33 2024
[[INFO]] : Open database database.db success
Fri Jun 21 13:29:29 2024
[[INFO]] : Open database database.db success
Fri Jun 21 13:30:02 2024
[[INFO]] : Open database database.db success
Fri Jun 21 13:32:32 2024
[[INFO]] : Open database database.db success
Fri Jun 21 13:32:49 2024
[[INFO]] : Open database database.db success
Fri Jun 21 13:32:59 2024
[[INFO]] : Open database database.db success
Fri Jun 21 13:33:36 2024
[[INFO]] : Open database database.db success
Fri Jun 21 13:35:07 2024
[[INFO]] : Open database database.db success
Fri Jun 21 13:35:38 2024
[[INFO]] : Open database database.db success
Fri Jun 21 13:37:40 2024
[[INFO]] : Open database database.db success
Fri Jun 21 13:38:11 2024
[[INFO]] : Open database database.db success
Fri Jun 21 13:39:16 2024
[[INFO]] : Open database database.db success
Fri Jun 21 13:40:05 2024
[[INFO]] : Open database database.db success
Fri Jun 21 13:40:37 2024
[[INFO]] : Open database database.db success
Sat Jun 22 11:57:34 2024
[[INFO]] : Open database database.db success
Sat Jun 22 11:58:59 2024
[[INFO]] : Open database database.db success
Sat Jun 22 12:02:18 2024
[[INFO]] : Open database database.db success
Sat Jun 22 14:10:44 2024
[[INFO]] : Open database database.db success
Sat Jun 22 14:13:56 2024
[[INFO]] : Open database database.db success
Sat Jun 22 14:15:04 2024
[[INFO]] : Open database database.db success
Sat Jun 22 14:16:42 2024
[[INFO]] : Open database database.db success
Sat Jun 22 14:17:06 2024
[[INFO]] : Open database database.db success
Sat Jun 22 14:17:34 2024
[[INFO]] : Open database database.db success
Sat Jun 22 14:18:00 2024
[[INFO]] : Open database database.db success
Sat Jun 22 14:20:13 2024
[[INFO]] : Open database database.db success
Sun Jun 23 10:37:12 2024
[[INFO]] : Open database database.db success
Sun Jun 23 10:51:36 2024
[[INFO]] : Open database database.db success
Sun Jun 23 10:58:27 2024
[[INFO]] : Open database database.db success
Sun Jun 23 11:04:31 2024
[[INFO]] : Open database database.db success
Sun Jun 23 11:06:04 2024
[[INFO]] : Open database database.db success
Sun Jun 23 11:07:16 2024
[[INFO]] : Open database database.db success
Sun Jun 23 11:09:28 2024
[[INFO]] : Open database database.db success
Sun Jun 23 11:13:15 2024
[[INFO]] : Open database database.db success
Sun Jun 23 11:15:49 2024
[[INFO]] : Open database database.db success
Sun Jun 23 11:30:03 2024
[[INFO]] : Open database database.db success
Sun Jun 23 11:34:54 2024
[[INFO]] : Open database database.db success
Sun Jun 23 11:35:27 2024
[[INFO]] : Open database database.db success
Sun Jun 23 11:38:11 2024
[[INFO]] : Open database database.db success
Sun Jun 23 11:40:17 2024
[[INFO]] : Open database database.db success
Sun Jun 23 11:41:35 2024
[[INFO]] : Open database database.db success
Sun Jun 23 11:42:03 2024
[[INFO]] : Open database database.db success
Sun Jun 23 11:42:42 2024
[[INFO]] : Open database database.db success
Sun Jun 23 11:43:05 2024
[[INFO]] : Open database database.db success
Sun Jun 23 11:49:27 2024
[[INFO]] : Open database database.db success
Sun Jun 23 11:51:10 2024
[[INFO]] : Open database database.db success
Sun Jun 23 11:51:33 2024
[[INFO]] : Open database database.db success
Sun Jun 23 11:52:28 2024
[[INFO]] : Open database database.db success
Sun Jun 23 11:52:54 2024
[[INFO]] : Open database database.db success
Sun Jun 23 11:54:11 2024
[[INFO]] : Open database database.db success
Sun Jun 23 12:02:13 2024
[[INFO]] : Open database database.db success
Sun Jun 23 12:08:06 2024
[[INFO]] : Open database database.db success
Sun Jun 23 12:09:10 2024
[[INFO]] : Open database database.db success
Sun Jun 23 12:13:19 2024
[[INFO]] : Open database database.db success
Sun Jun 23 12:14:09 2024
[[INFO]] : Open database database.db success
Sun Jun 23 12:14:49 2024
[[INFO]] : Open database database.db success
Sun Jun 23 12:16:03 2024
[[INFO]] : Open database database.db success
Sun Jun 23 12:16:25 2024
[[INFO]] : Open database database.db success
Sun Jun 23 12:21:33 2024
[[INFO]] : Open database database.db success
Sun Jun 23 12:21:56 2024
[[INFO]] : Open database database.db success
Sun Jun 23 12:26:14 2024
[[INFO]] : Open database database.db success
Sun Jun 23 12:27:02 2024
[[INFO]] : Open database database.db success
Sun Jun 23 12:28:43 2024
[[INFO]] : Open database database.db success
Sun Jun 23 12:29:12 2024
[[INFO]] : Open database database.db success
Sun Jun 23 12:30:19 2024
[[INFO]] : Open database database.db success
Sun Jun 23 12:30:52 2024
[[INFO]] : Open database database.db success
Sun Jun 23 12:31:35 2024
[[INFO]] : Open database database.db success
Sun Jun 23 12:32:29 2024
[[INFO]] : Open database database.db success
Sun Jun 23 12:33:32 2024
[[INFO]] : Open database database.db success
Sun Jun 23 12:34:51 2024
[[INFO]] : Open database database.db success
Sun Jun 23 12:50:49 2024
[[INFO]] : Open database database.db success
Sun Jun 23 12:51:24 2024
[[INFO]] : Open database database.db success
Sun Jun 23 12:51:54 2024
[[INFO]] : Open database database.db success
Sun Jun 23 12:52:44 2024
[[INFO]] : Open database database.db success
Sun Jun 23 12:54:07 2024
[[INFO]] : Open database database.db success
Sun Jun 23 12:55:26 2024
[[INFO]] : Open database database.db success
Sun Jun 23 12:55:44 2024
[[INFO]] : Open database database.db success
Sun Jun 23 12:58:42 2024
[[INFO]] : Open database database.db success
Sun Jun 23 13:00:07 2024
[[INFO]] : Open database database.db success
Sun Jun 23 13:04:56 2024
[[INFO]] : Open database database.db success
Sun Jun 23 13:13:57 2024
[[INFO]] : Open database database.db success
Sun Jun 23 13:14:23 2024
[[INFO]] : Open database database.db success
Sun Jun 23 13:15:14 2024
[[INFO]] : Open database database.db success
Sun Jun 23 13:50:08 2024
[[INFO]] : Open database database.db success
Sun Jun 23 13:51:04 2024
[[INFO]] : Open database database.db success
Sun Jun 23 13:51:23 2024
[[INFO]] : Open database database.db success
Sun Jun 23 14:02:39 2024
[[INFO]] : Open database database.db success
Sun Jun 23 14:03:22 2024
[[INFO]] : Open database database.db success
Sun Jun 23 14:25:38 2024
[[INFO]] : Open database database.db success
Sun Jun 23 14:29:49 2024
[[INFO]] : Open database database.db success
Mon Jun 24 10:50:13 2024
[[INFO]] : Open database database.db success
Mon Jun 24 10:51:18 2024
[[INFO]] : Open database database.db success
Mon Jun 24 10:51:34 2024
[[INFO]] : Open database database.db success
Mon Jun 24 11:08:06 2024
[[INFO]] : Open database database.db success
Mon Jun 24 11:10:10 2024
[[INFO]] : Open database database.db success
Mon Jun 24 11:23:00 2024
[[INFO]] : Open database database.db success
Mon Jun 24 11:29:34 2024
[[INFO]] : Open database database.db success
Mon Jun 24 11:31:03 2024
[[INFO]] : Open database database.db success
Mon Jun 24 11:34:49 2024
[[INFO]] : Open database database.db success
Mon Jun 24 11:49:12 2024
[[INFO]] : Open database database.db success
Mon Jun 24 11:49:46 2024
[[INFO]] : Open database database.db success
Mon Jun 24 11:50:05 2024
[[INFO]] : Open database database.db success
Mon Jun 24 11:50:52 2024
[[INFO]] : Open database database.db success
Mon Jun 24 11:51:05 2024
[[INFO]] : Open database database.db success
Mon Jun 24 11:52:19 2024
[[INFO]] : Open database database.db success
Mon Jun 24 11:53:47 2024
[[INFO]] : Open database database.db success
Mon Jun 24 11:54:16 2024
[[INFO]] : Open database database.db success
Mon Jun 24 11:55:06 2024
[[INFO]] : Open database database.db success
Mon Jun 24 11:56:43 2024
[[INFO]] : Open database database.db success
Mon Jun 24 11:57:03 2024
[[INFO]] : Open database database.db success
Mon Jun 24 11:57:59 2024
[[INFO]] : Open database database.db success
Mon Jun 24 11:59:05 2024
[[INFO]] : Open database database.db success
Mon Jun 24 11:59:32 2024
[[INFO]] : Open database database.db success
Mon Jun 24 12:00:40 2024
[[INFO]] : Open database database.db success
Mon Jun 24 12:01:24 2024
[[INFO]] : Open database database.db success
Mon Jun 24 12:15:06 2024
[[INFO]] : Open database database.db success
Mon Jun 24 12:17:32 2024
[[INFO]] : Open database database.db success
Mon Jun 24 12:17:52 2024
[[INFO]] : Open database database.db success
Mon Jun 24 12:18:11 2024
[[INFO]] : Open database database.db success
Mon Jun 24 12:19:49 2024
[[INFO]] : Open database database.db success
Mon Jun 24 12:20:55 2024
[[INFO]] : Open database database.db success
Mon Jun 24 12:21:29 2024
[[INFO]] : Open database database.db success
Mon Jun 24 12:21:59 2024
[[INFO]] : Open database database.db success
Mon Jun 24 12:23:33 2024
[[INFO]] : Open database database.db success
Mon Jun 24 12:26:44 2024
[[INFO]] : Open database database.db success
Mon Jun 24 12:29:05 2024
[[INFO]] : Open database database.db success
Mon Jun 24 12:30:15 2024
[[INFO]] : Open database database.db success
Mon Jun 24 12:30:47 2024
[[INFO]] : Open database database.db success
Mon Jun 24 12:31:09 2024
[[INFO]] : Open database database.db success
Mon Jun 24 12:50:49 2024
[[INFO]] : Open database database.db success
Mon Jun 24 13:04:37 2024
[[INFO]] : Open database database.db success
Mon Jun 24 13:07:50 2024
[[INFO]] : Open database database.db success
Mon Jun 24 13:10:05 2024
[[INFO]] : Open database database.db success
Mon Jun 24 13:13:32 2024
[[INFO]] : Open database database.db success
Mon Jun 24 13:16:21 2024
[[INFO]] : Open database database.db success
Mon Jun 24 13:17:35 2024
[[INFO]] : Open database database.db success
Mon Jun 24 13:22:07 2024
[[INFO]] : Open database database.db success
Mon Jun 24 13:23:28 2024
[[INFO]] : Open database database.db success
Mon Jun 24 13:25:21 2024
[[INFO]] : Open database database.db success
Mon Jun 24 13:26:04 2024
[[INFO]] : Open database database.db success
Mon Jun 24 13:28:04 2024
[[INFO]] : Open database database.db success
Mon Jun 24 13:29:46 2024
[[INFO]] : Open database database.db success
Mon Jun 24 13:35:08 2024
[[INFO]] : Open database database.db success
Mon Jun 24 13:41:54 2024
[[INFO]] : Open database database.db success
Mon Jun 24 13:42:08 2024
[[INFO]] : Open database database.db success
Mon Jun 24 13:42:37 2024
[[INFO]] : Open database database.db success
Mon Jun 24 13:47:59 2024
[[INFO]] : Open database database.db success
Mon Jun 24 13:49:33 2024
[[INFO]] : Open database database.db success
Mon Jun 24 13:56:34 2024
[[INFO]] : Open database database.db success
Mon Jun 24 13:57:17 2024
[[INFO]] : Open database database.db success
Mon Jun 24 13:58:09 2024
[[INFO]] : Open database database.db success
Mon Jun 24 14:01:22 2024
[[INFO]] : Open database database.db success
Mon Jun 24 14:06:53 2024
[[INFO]] : Open database database.db success
Mon Jun 24 14:07:55 2024
[[INFO]] : Open database database.db success
Mon Jun 24 14:08:32 2024
[[INFO]] : Open database database.db success
Mon Jun 24 15:13:32 2024
[[INFO]] : Open database database.db success
Mon Jun 24 15:49:12 2024
[[INFO]] : Open database database.db success
Mon Jun 24 15:50:49 2024
[[INFO]] : Open database database.db success
Mon Jun 24 15:51:48 2024
[[INFO]] : Open database database.db success
Mon Jun 24 15:52:24 2024
[[INFO]] : Open database database.db success
Mon Jun 24 15:53:34 2024
[[INFO]] : Open database database.db success
Mon Jun 24 15:57:26 2024
[[INFO]] : Open database database.db success
Mon Jun 24 15:58:18 2024
[[INFO]] : Open database database.db success
Mon Jun 24 15:58:38 2024
[[INFO]] : Open database database.db success
Mon Jun 24 15:59:03 2024
[[INFO]] : Open database database.db success
Mon Jun 24 16:00:14 2024
[[INFO]] : Open database database.db success
Mon Jun 24 16:00:37 2024
[[INFO]] : Open database database.db success
Wed Jun 26 10:48:09 2024
[[INFO]] : Open database database.db success
Wed Jun 26 10:50:24 2024
[[INFO]] : Open database database.db success
Wed Jun 26 10:50:34 2024
[[INFO]] : Open database database.db success
Wed Jun 26 10:59:38 2024
[[INFO]] : Open database database.db success
Wed Jun 26 10:59:43 2024
[[INFO]] : Open database database.db success
Wed Jun 26 11:00:36 2024
[[INFO]] : Open database database.db success
Wed Jun 26 11:01:22 2024
[[INFO]] : Open database database.db success
Wed Jun 26 11:02:59 2024
[[INFO]] : Open database database.db success
Wed Jun 26 11:05:04 2024
[[INFO]] : Open database database.db success
Wed Jun 26 11:06:14 2024
[[INFO]] : Open database database.db success
Wed Jun 26 11:06:51 2024
[[INFO]] : Open database database.db success
Wed Jun 26 11:08:04 2024
[[INFO]] : Open database database.db success
Wed Jun 26 11:11:52 2024
[[INFO]] : Open database database.db success
Wed Jun 26 11:13:36 2024
[[INFO]] : Open database database.db success
Wed Jun 26 11:16:35 2024
[[INFO]] : Open database database.db success
Wed Jun 26 11:21:32 2024
[[INFO]] : Open database database.db success
Wed Jun 26 11:23:07 2024
[[INFO]] : Open database database.db success
Wed Jun 26 11:23:32 2024
[[INFO]] : Open database database.db success
Wed Jun 26 11:24:52 2024
[[INFO]] : Open database database.db success
Wed Jun 26 11:25:53 2024
[[INFO]] : Open database database.db success
Wed Jun 26 11:26:29 2024
[[INFO]] : Open database database.db success
Wed Jun 26 11:28:52 2024
[[INFO]] : Open database database.db success
Wed Jun 26 11:33:53 2024
[[INFO]] : Open database database.db success
Wed Jun 26 11:35:31 2024
[[INFO]] : Open database database.db success
Wed Jun 26 11:39:42 2024
[[INFO]] : Open database database.db success
Wed Jun 26 11:40:03 2024
[[INFO]] : Open database database.db success
Wed Jun 26 11:41:27 2024
[[INFO]] : Open database database.db success
Wed Jun 26 11:42:22 2024
[[INFO]] : Open database database.db success
Wed Jun 26 11:43:31 2024
[[INFO]] : Open database database.db success
Wed Jun 26 11:44:28 2024
[[INFO]] : Open database database.db success
Wed Jun 26 11:47:40 2024
[[INFO]] : Open database database.db success
Wed Jun 26 11:49:29 2024
[[INFO]] : Open database database.db success
Wed Jun 26 11:51:04 2024
[[INFO]] : Open database database.db success
Wed Jun 26 11:52:58 2024
[[INFO]] : Open database database.db success
Wed Jun 26 11:53:41 2024
[[INFO]] : Open database database.db success
Wed Jun 26 11:59:22 2024
[[INFO]] : Open database database.db success
Wed Jun 26 12:00:24 2024
[[INFO]] : Open database database.db success
Wed Jun 26 12:01:54 2024
[[INFO]] : Open database database.db success
Wed Jun 26 12:03:00 2024
[[INFO]] : Open database database.db success
Wed Jun 26 12:03:16 2024
[[INFO]] : Open database database.db success
Wed Jun 26 12:04:07 2024
[[INFO]] : Open database database.db success
Wed Jun 26 12:04:55 2024
[[INFO]] : Open database database.db success
Wed Jun 26 12:06:35 2024
[[INFO]] : Open database database.db success
Wed Jun 26 12:08:10 2024
[[INFO]] : Open database database.db success
